<?xml version="1.0" encoding="UTF-8" ?>
<testsuite tests="4" failures="0" name="com.coinmarketadvisor.library.model.CryptoCurrencyTest" time="0.13" errors="0" skipped="0">
  <properties>
    <property name="java.runtime.name" value="OpenJDK Runtime Environment"/>
    <property name="java.vm.version" value="11.0.9+11-suse-lp151.3.22.1-x8664"/>
    <property name="sun.boot.library.path" value="/usr/lib64/jvm/java-11-openjdk-11/lib"/>
    <property name="maven.multiModuleProjectDirectory" value="/home/sebastian/Projects/Start_Up/Coinmarket Advisor/CoinMarketLibrary"/>
    <property name="java.vm.vendor" value="Oracle Corporation"/>
    <property name="java.vendor.url" value="https://openjdk.java.net/"/>
    <property name="guice.disable.misplaced.annotation.check" value="true"/>
    <property name="path.separator" value=":"/>
    <property name="java.vm.name" value="OpenJDK 64-Bit Server VM"/>
    <property name="sun.os.patch.level" value="unknown"/>
    <property name="user.country" value="US"/>
    <property name="sun.java.launcher" value="SUN_STANDARD"/>
    <property name="java.vm.specification.name" value="Java Virtual Machine Specification"/>
    <property name="user.dir" value="/home/sebastian/Projects/Start_Up/Coinmarket Advisor/CoinMarketLibrary"/>
    <property name="java.vm.compressedOopsMode" value="32-bit"/>
    <property name="java.runtime.version" value="11.0.9+11-suse-lp151.3.22.1-x8664"/>
    <property name="java.awt.graphicsenv" value="sun.awt.X11GraphicsEnvironment"/>
    <property name="os.arch" value="amd64"/>
    <property name="java.io.tmpdir" value="/tmp"/>
    <property name="line.separator" value="
"/>
    <property name="java.vm.specification.vendor" value="Oracle Corporation"/>
    <property name="os.name" value="Linux"/>
    <property name="classworlds.conf" value="/home/sebastian/Applications/maven/current/bin/m2.conf"/>
    <property name="sun.jnu.encoding" value="UTF-8"/>
    <property name="java.library.path" value="/usr/java/packages/lib:/usr/lib64:/lib64:/lib:/usr/lib"/>
    <property name="maven.conf" value="/home/sebastian/Applications/maven/current/conf"/>
    <property name="jdk.debug" value="release"/>
    <property name="java.class.version" value="55.0"/>
    <property name="java.specification.name" value="Java Platform API Specification"/>
    <property name="sun.management.compiler" value="HotSpot 64-Bit Tiered Compilers"/>
    <property name="os.version" value="5.9.12-1.g46922da-default"/>
    <property name="library.jansi.path" value="/home/sebastian/Applications/maven/current/lib/jansi-native"/>
    <property name="user.home" value="/home/sebastian"/>
    <property name="user.timezone" value="Europe/Bucharest"/>
    <property name="java.awt.printerjob" value="sun.print.PSPrinterJob"/>
    <property name="file.encoding" value="UTF-8"/>
    <property name="java.specification.version" value="11"/>
    <property name="user.name" value="sebastian"/>
    <property name="java.class.path" value="/home/sebastian/Applications/maven/current/boot/plexus-classworlds-2.5.2.jar"/>
    <property name="java.vm.specification.version" value="11"/>
    <property name="sun.arch.data.model" value="64"/>
    <property name="sun.java.command" value="org.codehaus.plexus.classworlds.launcher.Launcher clean package"/>
    <property name="java.home" value="/usr/lib64/jvm/java-11-openjdk-11"/>
    <property name="user.language" value="en"/>
    <property name="java.specification.vendor" value="Oracle Corporation"/>
    <property name="awt.toolkit" value="sun.awt.X11.XToolkit"/>
    <property name="java.vm.info" value="mixed mode"/>
    <property name="java.version" value="11.0.9"/>
    <property name="securerandom.source" value="file:/dev/./urandom"/>
    <property name="java.vendor" value="Oracle Corporation"/>
    <property name="maven.home" value="/home/sebastian/Applications/maven/current"/>
    <property name="file.separator" value="/"/>
    <property name="java.version.date" value="2020-10-20"/>
    <property name="java.vendor.url.bug" value="https://bugreport.java.com/bugreport/"/>
    <property name="sun.io.unicode.encoding" value="UnicodeLittle"/>
    <property name="sun.cpu.endian" value="little"/>
    <property name="sun.cpu.isalist" value=""/>
  </properties>
  <testcase classname="com.coinmarketadvisor.library.model.CryptoCurrencyTest" name="givenATimeStampGraterTimestampThanTheCurrentTimestamp_whenTryingToCreateACryptoCurrencyObjectWithIt_itShouldThrowAnIllegalStateException" time="0.13"/>
  <testcase classname="com.coinmarketadvisor.library.model.CryptoCurrencyTest" name="givenAnEmptyCurrencyName_whenTryingToCreateACryptoCurrencyObjectWithIt_itShouldThrowAnIllegalStateException" time="0"/>
  <testcase classname="com.coinmarketadvisor.library.model.CryptoCurrencyTest" name="givenANegativePrice_whenTryingToCreateACryptoCurrencyObjectWithIt_itShouldThrowAnIllegalStateException" time="0"/>
  <testcase classname="com.coinmarketadvisor.library.model.CryptoCurrencyTest" name="givenAnEmptyCurrencySymbol_whenTryingToCreateACryptoCurrencyObjectWithIt_itShouldThrowAnIllegalStateException" time="0"/>
</testsuite>